<?xml version="1.0" encoding="UTF-8"?>
<!-- Generated by org.testng.reporters.JUnitXMLReporter -->
<testsuite ignored="4" hostname="Mehru" failures="3" tests="3" name="Smoke Run" time="29.575" errors="0" timestamp="2023-05-08T07:55:08 IST">
  <testcase classname="com.sevenrmartsupermarket.tests.ManageUsersTest" name="verifyStatusChangeofUser" time="2.426">
    <failure type="java.lang.AssertionError" message="expected [×
Alert!
User Status Changed Successfully] but found [×
Alert!
User Status Changed Successfully]">
      <![CDATA[java.lang.AssertionError: expected [×
Alert!
User Status Changed Successfully] but found [×
Alert!
User Status Changed Successfully]
at com.sevenrmartsupermarket.tests.ManageUsersTest.verifyStatusChangeofUser(ManageUsersTest.java:27)
at java.base/java.util.ArrayList.forEach(ArrayList.java:1511)
... Removed 33 stack frames]]>
    </failure>
  </testcase> <!-- verifyStatusChangeofUser -->
  <testcase classname="com.sevenrmartsupermarket.tests.ManageUsersTest" name="verifyUserDeletion" time="11.604">
    <failure type="org.openqa.selenium.NoSuchElementException" message="no such element: Unable to locate element: {&amp;quot;method&amp;quot;:&amp;quot;xpath&amp;quot;,&amp;quot;selector&amp;quot;:&amp;quot;//table[@class=&amp;apos;table table-bordered table-hover table-sm&amp;apos;]//tbody//tr[5]//td[5]//a[3]&amp;quot;}
  (Session info: chrome=112.0.5615.138)
For documentation on this error, please visit: https://selenium.dev/exceptions/#no_such_element
Build info: version: &amp;apos;4.7.2&amp;apos;, revision: &amp;apos;4d4020c3b7&amp;apos;
System info: os.name: &amp;apos;Windows 11&amp;apos;, os.arch: &amp;apos;amd64&amp;apos;, os.version: &amp;apos;10.0&amp;apos;, java.version: &amp;apos;17.0.6&amp;apos;
Driver info: org.openqa.selenium.chrome.ChromeDriver
Command: [596523c7f21f2da35e9cf43e988755cf, findElement {using=xpath, value=//table[@class=&amp;apos;table table-bordered table-hover table-sm&amp;apos;]//tbody//tr[5]//td[5]//a[3]}]
Capabilities {acceptInsecureCerts: false, browserName: chrome, browserVersion: 112.0.5615.138, chrome: {chromedriverVersion: 112.0.5615.49 (bd2a7bcb881c..., userDataDir: C:\Users\surum\AppData\Loca...}, goog:chromeOptions: {debuggerAddress: localhost:62519}, networkConnectionEnabled: false, pageLoadStrategy: normal, platformName: WINDOWS, proxy: Proxy(), se:cdp: ws://localhost:62519/devtoo..., se:cdpVersion: 112.0.5615.138, setWindowRect: true, strictFileInteractability: false, timeouts: {implicit: 0, pageLoad: 300000, script: 30000}, unhandledPromptBehavior: dismiss and notify, webauthn:extension:credBlob: true, webauthn:extension:largeBlob: true, webauthn:extension:minPinLength: true, webauthn:extension:prf: true, webauthn:virtualAuthenticators: true}
Session ID: 596523c7f21f2da35e9cf43e988755cf">
      <![CDATA[org.openqa.selenium.NoSuchElementException: no such element: Unable to locate element: {"method":"xpath","selector":"//table[@class='table table-bordered table-hover table-sm']//tbody//tr[5]//td[5]//a[3]"}
  (Session info: chrome=112.0.5615.138)
For documentation on this error, please visit: https://selenium.dev/exceptions/#no_such_element
Build info: version: '4.7.2', revision: '4d4020c3b7'
System info: os.name: 'Windows 11', os.arch: 'amd64', os.version: '10.0', java.version: '17.0.6'
Driver info: org.openqa.selenium.chrome.ChromeDriver
Command: [596523c7f21f2da35e9cf43e988755cf, findElement {using=xpath, value=//table[@class='table table-bordered table-hover table-sm']//tbody//tr[5]//td[5]//a[3]}]
Capabilities {acceptInsecureCerts: false, browserName: chrome, browserVersion: 112.0.5615.138, chrome: {chromedriverVersion: 112.0.5615.49 (bd2a7bcb881c..., userDataDir: C:\Users\surum\AppData\Loca...}, goog:chromeOptions: {debuggerAddress: localhost:62519}, networkConnectionEnabled: false, pageLoadStrategy: normal, platformName: WINDOWS, proxy: Proxy(), se:cdp: ws://localhost:62519/devtoo..., se:cdpVersion: 112.0.5615.138, setWindowRect: true, strictFileInteractability: false, timeouts: {implicit: 0, pageLoad: 300000, script: 30000}, unhandledPromptBehavior: dismiss and notify, webauthn:extension:credBlob: true, webauthn:extension:largeBlob: true, webauthn:extension:minPinLength: true, webauthn:extension:prf: true, webauthn:virtualAuthenticators: true}
Session ID: 596523c7f21f2da35e9cf43e988755cf
at org.openqa.selenium.remote.codec.w3c.W3CHttpResponseCodec.createException(W3CHttpResponseCodec.java:200)
at org.openqa.selenium.remote.codec.w3c.W3CHttpResponseCodec.decode(W3CHttpResponseCodec.java:133)
at org.openqa.selenium.remote.codec.w3c.W3CHttpResponseCodec.decode(W3CHttpResponseCodec.java:53)
at org.openqa.selenium.remote.HttpCommandExecutor.execute(HttpCommandExecutor.java:184)
at org.openqa.selenium.remote.service.DriverCommandExecutor.invokeExecute(DriverCommandExecutor.java:167)
at org.openqa.selenium.remote.service.DriverCommandExecutor.execute(DriverCommandExecutor.java:142)
at org.openqa.selenium.remote.RemoteWebDriver.execute(RemoteWebDriver.java:535)
at org.openqa.selenium.remote.ElementLocation$ElementFinder$2.findElement(ElementLocation.java:162)
at org.openqa.selenium.remote.ElementLocation.findElement(ElementLocation.java:60)
at org.openqa.selenium.remote.RemoteWebDriver.findElement(RemoteWebDriver.java:351)
at org.openqa.selenium.remote.RemoteWebDriver.findElement(RemoteWebDriver.java:343)
at com.sevenrmartsupermarket.pages.ManageUsersPage.clickOnDeleteUsers(ManageUsersPage.java:90)
at com.sevenrmartsupermarket.tests.ManageUsersTest.verifyUserDeletion(ManageUsersTest.java:35)
at java.base/java.util.ArrayList.forEach(ArrayList.java:1511)
... Removed 32 stack frames]]>
    </failure>
  </testcase> <!-- verifyUserDeletion -->
  <testcase classname="com.sevenrmartsupermarket.tests.LoginTest" name="verifyInvalidLoginErrorMessage" time="2.09">
    <failure type="java.lang.AssertionError" message="expected [×
Alert!
Invalid Username/Password] but found [×
Alert!
Invalid Username/Password]">
      <![CDATA[java.lang.AssertionError: expected [×
Alert!
Invalid Username/Password] but found [×
Alert!
Invalid Username/Password]
at com.sevenrmartsupermarket.tests.LoginTest.verifyInvalidLoginErrorMessage(LoginTest.java:46)
at java.base/java.util.ArrayList.forEach(ArrayList.java:1511)
... Removed 33 stack frames]]>
    </failure>
  </testcase> <!-- verifyInvalidLoginErrorMessage -->
  <testcase classname="com.sevenrmartsupermarket.tests.LoginTest" name="verifyRememberMeisSelected" time="0.0">
    <ignored/>
  </testcase> <!-- verifyRememberMeisSelected -->
  <testcase classname="com.sevenrmartsupermarket.tests.LoginTest" name="verify7rmartSurperMarketLogo" time="0.0">
    <ignored/>
  </testcase> <!-- verify7rmartSurperMarketLogo -->
  <testcase classname="com.sevenrmartsupermarket.tests.LoginTest" name="verifyLoginFunctionality" time="0.0">
    <ignored/>
  </testcase> <!-- verifyLoginFunctionality -->
  <testcase classname="com.sevenrmartsupermarket.tests.LoginTest" name="verifySignInButtonisDisplayed" time="0.0">
    <ignored/>
  </testcase> <!-- verifySignInButtonisDisplayed -->
</testsuite> <!-- Smoke Run -->
